<?xml version="1.0" encoding="UTF-8"?>
<robot generator="Robot 6.0.2 (Python 3.9.0 on linux)" generated="20230222 10:44:42.539" rpa="false" schemaversion="3">
<suite id="s1" name="Amazon Test" source="/home/beatriz/Estudos/Robot/RobotFramework/WebTesting/amazon_test.robot">
<test id="s1-t1" name="Case number 1: Acesso ao menu &quot;Eletrônicos&quot;" line="9">
<kw name="Abrir o navegador" library="amazon_resources" type="SETUP">
<kw name="Open Browser" library="SeleniumLibrary">
<arg>browser=chrome</arg>
<doc>Opens a new browser instance to the optional ``url``.</doc>
<msg timestamp="20230222 10:44:42.701" level="INFO">Opening browser 'chrome' to base url 'None'.</msg>
<status status="PASS" starttime="20230222 10:44:42.700" endtime="20230222 10:44:43.469"/>
</kw>
<kw name="Maximize Browser Window" library="SeleniumLibrary">
<doc>Maximizes current browser window.</doc>
<status status="PASS" starttime="20230222 10:44:43.469" endtime="20230222 10:44:43.618"/>
</kw>
<status status="PASS" starttime="20230222 10:44:42.700" endtime="20230222 10:44:43.618"/>
</kw>
<kw name="Acessar a home page do site Amazon.com.br" library="amazon_resources">
<kw name="Go To" library="SeleniumLibrary">
<arg>url=${URL}</arg>
<doc>Navigates the current browser window to the provided ``url``.</doc>
<msg timestamp="20230222 10:44:43.619" level="INFO">Opening url 'http://www.amazon.com.br'</msg>
<status status="PASS" starttime="20230222 10:44:43.619" endtime="20230222 10:44:46.579"/>
</kw>
<kw name="Wait Until Element Is Visible" library="SeleniumLibrary">
<arg>locator=${MENU_ELTRONICOS}</arg>
<doc>Waits until the element ``locator`` is visible.</doc>
<status status="PASS" starttime="20230222 10:44:46.579" endtime="20230222 10:44:46.622"/>
</kw>
<status status="PASS" starttime="20230222 10:44:43.618" endtime="20230222 10:44:46.622"/>
</kw>
<kw name="Entrar no menu &quot;Eletrônicos&quot;" library="amazon_resources">
<kw name="Click Element" library="SeleniumLibrary">
<arg>locator=${MENU_ELTRONICOS}</arg>
<doc>Click the element identified by ``locator``.</doc>
<msg timestamp="20230222 10:44:46.623" level="INFO">Clicking element '//a[@href='/Eletronicos-e-Tecnologia/b/?ie=UTF8&amp;node=16209062011&amp;ref_=nav_cs_electronics'][contains(.,'Eletrônicos')]'.</msg>
<status status="PASS" starttime="20230222 10:44:46.623" endtime="20230222 10:44:47.423"/>
</kw>
<status status="PASS" starttime="20230222 10:44:46.622" endtime="20230222 10:44:47.423"/>
</kw>
<doc>Esse teste verifica o menu eletrônicos do site da Amazon.com.br
e verifica a categoria Computadores e Informática</doc>
<tag>categorias</tag>
<tag>menus</tag>
<status status="PASS" starttime="20230222 10:44:42.699" endtime="20230222 10:44:47.424"/>
</test>
<doc>Essa suítes testa o site da Amazon</doc>
<status status="PASS" starttime="20230222 10:44:42.540" endtime="20230222 10:44:47.425"/>
</suite>
<statistics>
<total>
<stat pass="1" fail="0" skip="0">All Tests</stat>
</total>
<tag>
<stat pass="1" fail="0" skip="0">categorias</stat>
<stat pass="1" fail="0" skip="0">menus</stat>
</tag>
<suite>
<stat pass="1" fail="0" skip="0" id="s1" name="Amazon Test">Amazon Test</stat>
</suite>
</statistics>
<errors>
</errors>
</robot>
